2025-05-24 14:52:38 ERROR [main] o.s.boot.SpringApplication               : Application run failed
java.lang.IllegalStateException: java.lang.IllegalStateException: Logback configuration error detected: 
ERROR in ch.qos.logback.core.pattern.parser.Compiler@5df417a7 - There is no conversion class registered for composite conversion word [clr]
ERROR in ch.qos.logback.core.pattern.parser.Compiler@5df417a7 - Failed to create converter for [%clr] keyword
ERROR in ch.qos.logback.core.pattern.parser.Compiler@5df417a7 - There is no conversion class registered for composite conversion word [clr]
ERROR in ch.qos.logback.core.pattern.parser.Compiler@5df417a7 - Failed to create converter for [%clr] keyword
ERROR in ch.qos.logback.core.pattern.parser.Compiler@5df417a7 - There is no conversion class registered for composite conversion word [clr]
ERROR in ch.qos.logback.core.pattern.parser.Compiler@5df417a7 - Failed to create converter for [%clr] keyword
ERROR in ch.qos.logback.core.pattern.parser.Compiler@5df417a7 - There is no conversion class registered for composite conversion word [clr]
ERROR in ch.qos.logback.core.pattern.parser.Compiler@5df417a7 - Failed to create converter for [%clr] keyword
ERROR in ch.qos.logback.core.pattern.parser.Compiler@5df417a7 - There is no conversion class registered for composite conversion word [clr]
ERROR in ch.qos.logback.core.pattern.parser.Compiler@5df417a7 - Failed to create converter for [%clr] keyword
ERROR in ch.qos.logback.core.pattern.parser.Compiler@5df417a7 - There is no conversion supplier registered for conversion word [wEx]
ERROR in ch.qos.logback.core.pattern.parser.Compiler@5df417a7 - [wEx] is not a valid conversion word
	at org.springframework.boot.context.logging.LoggingApplicationListener.initializeSystem(LoggingApplicationListener.java:347)
	at org.springframework.boot.context.logging.LoggingApplicationListener.initialize(LoggingApplicationListener.java:298)
	at org.springframework.boot.context.logging.LoggingApplicationListener.onApplicationEnvironmentPreparedEvent(LoggingApplicationListener.java:246)
	at org.springframework.boot.context.logging.LoggingApplicationListener.onApplicationEvent(LoggingApplicationListener.java:223)
	at org.springframework.context.event.SimpleApplicationEventMulticaster.doInvokeListener(SimpleApplicationEventMulticaster.java:185)
	at org.springframework.context.event.SimpleApplicationEventMulticaster.invokeListener(SimpleApplicationEventMulticaster.java:178)
	at org.springframework.context.event.SimpleApplicationEventMulticaster.multicastEvent(SimpleApplicationEventMulticaster.java:156)
	at org.springframework.context.event.SimpleApplicationEventMulticaster.multicastEvent(SimpleApplicationEventMulticaster.java:138)
	at org.springframework.boot.context.event.EventPublishingRunListener.multicastInitialEvent(EventPublishingRunListener.java:136)
	at org.springframework.boot.context.event.EventPublishingRunListener.environmentPrepared(EventPublishingRunListener.java:81)
	at org.springframework.boot.SpringApplicationRunListeners.lambda$environmentPrepared$2(SpringApplicationRunListeners.java:64)
	at java.base/java.lang.Iterable.forEach(Iterable.java:75)
	at org.springframework.boot.SpringApplicationRunListeners.doWithListeners(SpringApplicationRunListeners.java:118)
	at org.springframework.boot.SpringApplicationRunListeners.doWithListeners(SpringApplicationRunListeners.java:112)
	at org.springframework.boot.SpringApplicationRunListeners.environmentPrepared(SpringApplicationRunListeners.java:63)
	at org.springframework.boot.SpringApplication.prepareEnvironment(SpringApplication.java:353)
	at org.springframework.boot.SpringApplication.run(SpringApplication.java:313)
	at org.springframework.boot.SpringApplication.run(SpringApplication.java:1361)
	at org.springframework.boot.SpringApplication.run(SpringApplication.java:1350)
	at project.fmihub.backend.BackendApplication.main(BackendApplication.java:18)
Caused by: java.lang.IllegalStateException: Logback configuration error detected: 
ERROR in ch.qos.logback.core.pattern.parser.Compiler@5df417a7 - There is no conversion class registered for composite conversion word [clr]
ERROR in ch.qos.logback.core.pattern.parser.Compiler@5df417a7 - Failed to create converter for [%clr] keyword
ERROR in ch.qos.logback.core.pattern.parser.Compiler@5df417a7 - There is no conversion class registered for composite conversion word [clr]
ERROR in ch.qos.logback.core.pattern.parser.Compiler@5df417a7 - Failed to create converter for [%clr] keyword
ERROR in ch.qos.logback.core.pattern.parser.Compiler@5df417a7 - There is no conversion class registered for composite conversion word [clr]
ERROR in ch.qos.logback.core.pattern.parser.Compiler@5df417a7 - Failed to create converter for [%clr] keyword
ERROR in ch.qos.logback.core.pattern.parser.Compiler@5df417a7 - There is no conversion class registered for composite conversion word [clr]
ERROR in ch.qos.logback.core.pattern.parser.Compiler@5df417a7 - Failed to create converter for [%clr] keyword
ERROR in ch.qos.logback.core.pattern.parser.Compiler@5df417a7 - There is no conversion class registered for composite conversion word [clr]
ERROR in ch.qos.logback.core.pattern.parser.Compiler@5df417a7 - Failed to create converter for [%clr] keyword
ERROR in ch.qos.logback.core.pattern.parser.Compiler@5df417a7 - There is no conversion supplier registered for conversion word [wEx]
ERROR in ch.qos.logback.core.pattern.parser.Compiler@5df417a7 - [wEx] is not a valid conversion word
	at org.springframework.boot.logging.logback.LogbackLoggingSystem.reportConfigurationErrorsIfNecessary(LogbackLoggingSystem.java:291)
	at org.springframework.boot.logging.logback.LogbackLoggingSystem.loadConfiguration(LogbackLoggingSystem.java:269)
	at org.springframework.boot.logging.AbstractLoggingSystem.initializeWithConventions(AbstractLoggingSystem.java:81)
	at org.springframework.boot.logging.AbstractLoggingSystem.initialize(AbstractLoggingSystem.java:61)
	at org.springframework.boot.logging.logback.LogbackLoggingSystem.initialize(LogbackLoggingSystem.java:197)
	at org.springframework.boot.context.logging.LoggingApplicationListener.initializeSystem(LoggingApplicationListener.java:332)
	... 19 common frames omitted
2025-05-24 14:53:02 ERROR [main] o.s.boot.SpringApplication               : Application run failed
java.lang.IllegalStateException: java.lang.IllegalStateException: Logback configuration error detected: 
ERROR in ch.qos.logback.core.pattern.parser.Compiler@3c9168dc - There is no conversion class registered for composite conversion word [clr]
ERROR in ch.qos.logback.core.pattern.parser.Compiler@3c9168dc - Failed to create converter for [%clr] keyword
ERROR in ch.qos.logback.core.pattern.parser.Compiler@3c9168dc - There is no conversion class registered for composite conversion word [clr]
ERROR in ch.qos.logback.core.pattern.parser.Compiler@3c9168dc - Failed to create converter for [%clr] keyword
ERROR in ch.qos.logback.core.pattern.parser.Compiler@3c9168dc - There is no conversion class registered for composite conversion word [clr]
ERROR in ch.qos.logback.core.pattern.parser.Compiler@3c9168dc - Failed to create converter for [%clr] keyword
ERROR in ch.qos.logback.core.pattern.parser.Compiler@3c9168dc - There is no conversion class registered for composite conversion word [clr]
ERROR in ch.qos.logback.core.pattern.parser.Compiler@3c9168dc - Failed to create converter for [%clr] keyword
ERROR in ch.qos.logback.core.pattern.parser.Compiler@3c9168dc - There is no conversion class registered for composite conversion word [clr]
ERROR in ch.qos.logback.core.pattern.parser.Compiler@3c9168dc - Failed to create converter for [%clr] keyword
ERROR in ch.qos.logback.core.pattern.parser.Compiler@3c9168dc - There is no conversion supplier registered for conversion word [wEx]
ERROR in ch.qos.logback.core.pattern.parser.Compiler@3c9168dc - [wEx] is not a valid conversion word
	at org.springframework.boot.context.logging.LoggingApplicationListener.initializeSystem(LoggingApplicationListener.java:347)
	at org.springframework.boot.context.logging.LoggingApplicationListener.initialize(LoggingApplicationListener.java:298)
	at org.springframework.boot.context.logging.LoggingApplicationListener.onApplicationEnvironmentPreparedEvent(LoggingApplicationListener.java:246)
	at org.springframework.boot.context.logging.LoggingApplicationListener.onApplicationEvent(LoggingApplicationListener.java:223)
	at org.springframework.context.event.SimpleApplicationEventMulticaster.doInvokeListener(SimpleApplicationEventMulticaster.java:185)
	at org.springframework.context.event.SimpleApplicationEventMulticaster.invokeListener(SimpleApplicationEventMulticaster.java:178)
	at org.springframework.context.event.SimpleApplicationEventMulticaster.multicastEvent(SimpleApplicationEventMulticaster.java:156)
	at org.springframework.context.event.SimpleApplicationEventMulticaster.multicastEvent(SimpleApplicationEventMulticaster.java:138)
	at org.springframework.boot.context.event.EventPublishingRunListener.multicastInitialEvent(EventPublishingRunListener.java:136)
	at org.springframework.boot.context.event.EventPublishingRunListener.environmentPrepared(EventPublishingRunListener.java:81)
	at org.springframework.boot.SpringApplicationRunListeners.lambda$environmentPrepared$2(SpringApplicationRunListeners.java:64)
	at java.base/java.lang.Iterable.forEach(Iterable.java:75)
	at org.springframework.boot.SpringApplicationRunListeners.doWithListeners(SpringApplicationRunListeners.java:118)
	at org.springframework.boot.SpringApplicationRunListeners.doWithListeners(SpringApplicationRunListeners.java:112)
	at org.springframework.boot.SpringApplicationRunListeners.environmentPrepared(SpringApplicationRunListeners.java:63)
	at org.springframework.boot.SpringApplication.prepareEnvironment(SpringApplication.java:353)
	at org.springframework.boot.SpringApplication.run(SpringApplication.java:313)
	at org.springframework.boot.SpringApplication.run(SpringApplication.java:1361)
	at org.springframework.boot.SpringApplication.run(SpringApplication.java:1350)
	at project.fmihub.backend.BackendApplication.main(BackendApplication.java:18)
Caused by: java.lang.IllegalStateException: Logback configuration error detected: 
ERROR in ch.qos.logback.core.pattern.parser.Compiler@3c9168dc - There is no conversion class registered for composite conversion word [clr]
ERROR in ch.qos.logback.core.pattern.parser.Compiler@3c9168dc - Failed to create converter for [%clr] keyword
ERROR in ch.qos.logback.core.pattern.parser.Compiler@3c9168dc - There is no conversion class registered for composite conversion word [clr]
ERROR in ch.qos.logback.core.pattern.parser.Compiler@3c9168dc - Failed to create converter for [%clr] keyword
ERROR in ch.qos.logback.core.pattern.parser.Compiler@3c9168dc - There is no conversion class registered for composite conversion word [clr]
ERROR in ch.qos.logback.core.pattern.parser.Compiler@3c9168dc - Failed to create converter for [%clr] keyword
ERROR in ch.qos.logback.core.pattern.parser.Compiler@3c9168dc - There is no conversion class registered for composite conversion word [clr]
ERROR in ch.qos.logback.core.pattern.parser.Compiler@3c9168dc - Failed to create converter for [%clr] keyword
ERROR in ch.qos.logback.core.pattern.parser.Compiler@3c9168dc - There is no conversion class registered for composite conversion word [clr]
ERROR in ch.qos.logback.core.pattern.parser.Compiler@3c9168dc - Failed to create converter for [%clr] keyword
ERROR in ch.qos.logback.core.pattern.parser.Compiler@3c9168dc - There is no conversion supplier registered for conversion word [wEx]
ERROR in ch.qos.logback.core.pattern.parser.Compiler@3c9168dc - [wEx] is not a valid conversion word
	at org.springframework.boot.logging.logback.LogbackLoggingSystem.reportConfigurationErrorsIfNecessary(LogbackLoggingSystem.java:291)
	at org.springframework.boot.logging.logback.LogbackLoggingSystem.loadConfiguration(LogbackLoggingSystem.java:269)
	at org.springframework.boot.logging.AbstractLoggingSystem.initializeWithConventions(AbstractLoggingSystem.java:81)
	at org.springframework.boot.logging.AbstractLoggingSystem.initialize(AbstractLoggingSystem.java:61)
	at org.springframework.boot.logging.logback.LogbackLoggingSystem.initialize(LogbackLoggingSystem.java:197)
	at org.springframework.boot.context.logging.LoggingApplicationListener.initializeSystem(LoggingApplicationListener.java:332)
	... 19 common frames omitted
2025-05-24 14:53:13 INFO  [main] p.fmihub.backend.BackendApplication - Starting BackendApplication using Java 21.0.6 with PID 40044 (D:\Proiect_facultativ\fmi-mobile-backend\build\classes\java\main started by HP in D:\Proiect_facultativ\fmi-mobile-backend)
2025-05-24 14:53:13 INFO  [main] p.fmihub.backend.BackendApplication - No active profile set, falling back to 1 default profile: "default"
2025-05-24 14:53:15 INFO  [main] o.s.d.r.c.RepositoryConfigurationDelegate - Bootstrapping Spring Data JPA repositories in DEFAULT mode.
2025-05-24 14:53:15 INFO  [main] o.s.d.r.c.RepositoryConfigurationDelegate - Finished Spring Data repository scanning in 191 ms. Found 7 JPA repository interfaces.
2025-05-24 14:53:15 INFO  [main] o.s.b.w.e.tomcat.TomcatWebServer - Tomcat initialized with port 8080 (http)
2025-05-24 14:53:15 INFO  [main] o.a.coyote.http11.Http11NioProtocol - Initializing ProtocolHandler ["http-nio-8080"]
2025-05-24 14:53:15 INFO  [main] o.a.catalina.core.StandardService - Starting service [Tomcat]
2025-05-24 14:53:15 INFO  [main] o.a.catalina.core.StandardEngine - Starting Servlet engine: [Apache Tomcat/10.1.39]
2025-05-24 14:53:15 INFO  [main] o.a.c.c.C.[Tomcat].[localhost].[/] - Initializing Spring embedded WebApplicationContext
2025-05-24 14:53:15 INFO  [main] o.s.b.w.s.c.ServletWebServerApplicationContext - Root WebApplicationContext: initialization completed in 2012 ms
2025-05-24 14:53:16 WARN  [main] o.s.b.w.s.c.AnnotationConfigServletWebServerApplicationContext - Exception encountered during context initialization - cancelling refresh attempt: org.springframework.beans.factory.BeanCreationException: Error creating bean with name 'entityManagerFactory' defined in class path resource [org/springframework/boot/autoconfigure/orm/jpa/HibernateJpaConfiguration.class]: Failed to initialize dependency 'dataSourceScriptDatabaseInitializer' of LoadTimeWeaverAware bean 'entityManagerFactory': Error creating bean with name 'dataSourceScriptDatabaseInitializer' defined in class path resource [org/springframework/boot/autoconfigure/sql/init/DataSourceInitializationConfiguration.class]: Unsatisfied dependency expressed through method 'dataSourceScriptDatabaseInitializer' parameter 0: Error creating bean with name 'dataSource' defined in class path resource [org/springframework/boot/autoconfigure/jdbc/DataSourceConfiguration$Hikari.class]: Failed to instantiate [com.zaxxer.hikari.HikariDataSource]: Factory method 'dataSource' threw exception with message: Failed to determine a suitable driver class
2025-05-24 14:53:16 INFO  [main] o.a.catalina.core.StandardService - Stopping service [Tomcat]
2025-05-24 14:53:16 INFO  [main] o.s.b.a.l.ConditionEvaluationReportLogger - 

Error starting ApplicationContext. To display the condition evaluation report re-run your application with 'debug' enabled.
2025-05-24 14:53:16 ERROR [main] o.s.b.d.LoggingFailureAnalysisReporter - 

***************************
APPLICATION FAILED TO START
***************************

Description:

Failed to configure a DataSource: 'url' attribute is not specified and no embedded datasource could be configured.

Reason: Failed to determine a suitable driver class


Action:

Consider the following:
	If you want an embedded database (H2, HSQL or Derby), please put it on the classpath.
	If you have database settings to be loaded from a particular profile you may need to activate it (no profiles are currently active).

2025-05-24 14:54:07 ERROR [main] o.s.boot.SpringApplication - Application run failed
java.lang.IllegalStateException: java.lang.IllegalStateException: Logback configuration error detected: 
ERROR in ch.qos.logback.core.pattern.parser.Compiler@361c294e - There is no conversion class registered for composite conversion word [clr]
ERROR in ch.qos.logback.core.pattern.parser.Compiler@361c294e - Failed to create converter for [%clr] keyword
ERROR in ch.qos.logback.core.pattern.parser.Compiler@361c294e - There is no conversion class registered for composite conversion word [clr]
ERROR in ch.qos.logback.core.pattern.parser.Compiler@361c294e - Failed to create converter for [%clr] keyword
ERROR in ch.qos.logback.core.pattern.parser.Compiler@361c294e - There is no conversion class registered for composite conversion word [clr]
ERROR in ch.qos.logback.core.pattern.parser.Compiler@361c294e - Failed to create converter for [%clr] keyword
ERROR in ch.qos.logback.core.pattern.parser.Compiler@361c294e - There is no conversion class registered for composite conversion word [clr]
ERROR in ch.qos.logback.core.pattern.parser.Compiler@361c294e - Failed to create converter for [%clr] keyword
ERROR in ch.qos.logback.core.pattern.parser.Compiler@361c294e - There is no conversion class registered for composite conversion word [clr]
ERROR in ch.qos.logback.core.pattern.parser.Compiler@361c294e - Failed to create converter for [%clr] keyword
ERROR in ch.qos.logback.core.pattern.parser.Compiler@361c294e - There is no conversion supplier registered for conversion word [wEx]
ERROR in ch.qos.logback.core.pattern.parser.Compiler@361c294e - [wEx] is not a valid conversion word
	at org.springframework.boot.context.logging.LoggingApplicationListener.initializeSystem(LoggingApplicationListener.java:347)
	at org.springframework.boot.context.logging.LoggingApplicationListener.initialize(LoggingApplicationListener.java:298)
	at org.springframework.boot.context.logging.LoggingApplicationListener.onApplicationEnvironmentPreparedEvent(LoggingApplicationListener.java:246)
	at org.springframework.boot.context.logging.LoggingApplicationListener.onApplicationEvent(LoggingApplicationListener.java:223)
	at org.springframework.context.event.SimpleApplicationEventMulticaster.doInvokeListener(SimpleApplicationEventMulticaster.java:185)
	at org.springframework.context.event.SimpleApplicationEventMulticaster.invokeListener(SimpleApplicationEventMulticaster.java:178)
	at org.springframework.context.event.SimpleApplicationEventMulticaster.multicastEvent(SimpleApplicationEventMulticaster.java:156)
	at org.springframework.context.event.SimpleApplicationEventMulticaster.multicastEvent(SimpleApplicationEventMulticaster.java:138)
	at org.springframework.boot.context.event.EventPublishingRunListener.multicastInitialEvent(EventPublishingRunListener.java:136)
	at org.springframework.boot.context.event.EventPublishingRunListener.environmentPrepared(EventPublishingRunListener.java:81)
	at org.springframework.boot.SpringApplicationRunListeners.lambda$environmentPrepared$2(SpringApplicationRunListeners.java:64)
	at java.base/java.lang.Iterable.forEach(Iterable.java:75)
	at org.springframework.boot.SpringApplicationRunListeners.doWithListeners(SpringApplicationRunListeners.java:118)
	at org.springframework.boot.SpringApplicationRunListeners.doWithListeners(SpringApplicationRunListeners.java:112)
	at org.springframework.boot.SpringApplicationRunListeners.environmentPrepared(SpringApplicationRunListeners.java:63)
	at org.springframework.boot.SpringApplication.prepareEnvironment(SpringApplication.java:353)
	at org.springframework.boot.SpringApplication.run(SpringApplication.java:313)
	at org.springframework.boot.SpringApplication.run(SpringApplication.java:1361)
	at org.springframework.boot.SpringApplication.run(SpringApplication.java:1350)
	at project.fmihub.backend.BackendApplication.main(BackendApplication.java:18)
Caused by: java.lang.IllegalStateException: Logback configuration error detected: 
ERROR in ch.qos.logback.core.pattern.parser.Compiler@361c294e - There is no conversion class registered for composite conversion word [clr]
ERROR in ch.qos.logback.core.pattern.parser.Compiler@361c294e - Failed to create converter for [%clr] keyword
ERROR in ch.qos.logback.core.pattern.parser.Compiler@361c294e - There is no conversion class registered for composite conversion word [clr]
ERROR in ch.qos.logback.core.pattern.parser.Compiler@361c294e - Failed to create converter for [%clr] keyword
ERROR in ch.qos.logback.core.pattern.parser.Compiler@361c294e - There is no conversion class registered for composite conversion word [clr]
ERROR in ch.qos.logback.core.pattern.parser.Compiler@361c294e - Failed to create converter for [%clr] keyword
ERROR in ch.qos.logback.core.pattern.parser.Compiler@361c294e - There is no conversion class registered for composite conversion word [clr]
ERROR in ch.qos.logback.core.pattern.parser.Compiler@361c294e - Failed to create converter for [%clr] keyword
ERROR in ch.qos.logback.core.pattern.parser.Compiler@361c294e - There is no conversion class registered for composite conversion word [clr]
ERROR in ch.qos.logback.core.pattern.parser.Compiler@361c294e - Failed to create converter for [%clr] keyword
ERROR in ch.qos.logback.core.pattern.parser.Compiler@361c294e - There is no conversion supplier registered for conversion word [wEx]
ERROR in ch.qos.logback.core.pattern.parser.Compiler@361c294e - [wEx] is not a valid conversion word
	at org.springframework.boot.logging.logback.LogbackLoggingSystem.reportConfigurationErrorsIfNecessary(LogbackLoggingSystem.java:291)
	at org.springframework.boot.logging.logback.LogbackLoggingSystem.loadConfiguration(LogbackLoggingSystem.java:269)
	at org.springframework.boot.logging.AbstractLoggingSystem.initializeWithConventions(AbstractLoggingSystem.java:81)
	at org.springframework.boot.logging.AbstractLoggingSystem.initialize(AbstractLoggingSystem.java:61)
	at org.springframework.boot.logging.logback.LogbackLoggingSystem.initialize(LogbackLoggingSystem.java:197)
	at org.springframework.boot.context.logging.LoggingApplicationListener.initializeSystem(LoggingApplicationListener.java:332)
	... 19 common frames omitted
2025-05-24 14:55:49 ERROR [main] o.s.boot.SpringApplication - Application run failed
java.lang.IllegalStateException: java.lang.IllegalStateException: Logback configuration error detected: 
ERROR in ch.qos.logback.core.joran.util.PropertySetter@5db4c359 - A "org.springframework.boot.logging.logback.ColorConverter" object is not assignable to a "ch.qos.logback.core.encoder.Encoder" variable.
ERROR in ch.qos.logback.core.joran.util.PropertySetter@5db4c359 - The class "ch.qos.logback.core.encoder.Encoder" was loaded by 
ERROR in ch.qos.logback.core.joran.util.PropertySetter@5db4c359 - [jdk.internal.loader.ClassLoaders$AppClassLoader@76ed5528] whereas object of type 
ERROR in ch.qos.logback.core.joran.util.PropertySetter@5db4c359 - "org.springframework.boot.logging.logback.ColorConverter" was loaded by [jdk.internal.loader.ClassLoaders$AppClassLoader@76ed5528].
ERROR in ch.qos.logback.core.ConsoleAppender[CONSOLE] - No encoder set for the appender named "CONSOLE".
	at org.springframework.boot.context.logging.LoggingApplicationListener.initializeSystem(LoggingApplicationListener.java:347)
	at org.springframework.boot.context.logging.LoggingApplicationListener.initialize(LoggingApplicationListener.java:298)
	at org.springframework.boot.context.logging.LoggingApplicationListener.onApplicationEnvironmentPreparedEvent(LoggingApplicationListener.java:246)
	at org.springframework.boot.context.logging.LoggingApplicationListener.onApplicationEvent(LoggingApplicationListener.java:223)
	at org.springframework.context.event.SimpleApplicationEventMulticaster.doInvokeListener(SimpleApplicationEventMulticaster.java:185)
	at org.springframework.context.event.SimpleApplicationEventMulticaster.invokeListener(SimpleApplicationEventMulticaster.java:178)
	at org.springframework.context.event.SimpleApplicationEventMulticaster.multicastEvent(SimpleApplicationEventMulticaster.java:156)
	at org.springframework.context.event.SimpleApplicationEventMulticaster.multicastEvent(SimpleApplicationEventMulticaster.java:138)
	at org.springframework.boot.context.event.EventPublishingRunListener.multicastInitialEvent(EventPublishingRunListener.java:136)
	at org.springframework.boot.context.event.EventPublishingRunListener.environmentPrepared(EventPublishingRunListener.java:81)
	at org.springframework.boot.SpringApplicationRunListeners.lambda$environmentPrepared$2(SpringApplicationRunListeners.java:64)
	at java.base/java.lang.Iterable.forEach(Iterable.java:75)
	at org.springframework.boot.SpringApplicationRunListeners.doWithListeners(SpringApplicationRunListeners.java:118)
	at org.springframework.boot.SpringApplicationRunListeners.doWithListeners(SpringApplicationRunListeners.java:112)
	at org.springframework.boot.SpringApplicationRunListeners.environmentPrepared(SpringApplicationRunListeners.java:63)
	at org.springframework.boot.SpringApplication.prepareEnvironment(SpringApplication.java:353)
	at org.springframework.boot.SpringApplication.run(SpringApplication.java:313)
	at org.springframework.boot.SpringApplication.run(SpringApplication.java:1361)
	at org.springframework.boot.SpringApplication.run(SpringApplication.java:1350)
	at project.fmihub.backend.BackendApplication.main(BackendApplication.java:18)
Caused by: java.lang.IllegalStateException: Logback configuration error detected: 
ERROR in ch.qos.logback.core.joran.util.PropertySetter@5db4c359 - A "org.springframework.boot.logging.logback.ColorConverter" object is not assignable to a "ch.qos.logback.core.encoder.Encoder" variable.
ERROR in ch.qos.logback.core.joran.util.PropertySetter@5db4c359 - The class "ch.qos.logback.core.encoder.Encoder" was loaded by 
ERROR in ch.qos.logback.core.joran.util.PropertySetter@5db4c359 - [jdk.internal.loader.ClassLoaders$AppClassLoader@76ed5528] whereas object of type 
ERROR in ch.qos.logback.core.joran.util.PropertySetter@5db4c359 - "org.springframework.boot.logging.logback.ColorConverter" was loaded by [jdk.internal.loader.ClassLoaders$AppClassLoader@76ed5528].
ERROR in ch.qos.logback.core.ConsoleAppender[CONSOLE] - No encoder set for the appender named "CONSOLE".
	at org.springframework.boot.logging.logback.LogbackLoggingSystem.reportConfigurationErrorsIfNecessary(LogbackLoggingSystem.java:291)
	at org.springframework.boot.logging.logback.LogbackLoggingSystem.loadConfiguration(LogbackLoggingSystem.java:269)
	at org.springframework.boot.logging.AbstractLoggingSystem.initializeWithConventions(AbstractLoggingSystem.java:81)
	at org.springframework.boot.logging.AbstractLoggingSystem.initialize(AbstractLoggingSystem.java:61)
	at org.springframework.boot.logging.logback.LogbackLoggingSystem.initialize(LogbackLoggingSystem.java:197)
	at org.springframework.boot.context.logging.LoggingApplicationListener.initializeSystem(LoggingApplicationListener.java:332)
	... 19 common frames omitted
2025-05-24 14:56:55 ERROR [main] o.s.boot.SpringApplication - Application run failed
java.lang.IllegalStateException: java.lang.IllegalStateException: Logback configuration error detected: 
ERROR in ch.qos.logback.core.model.processor.ImplicitModelHandler - Could not create component [encoder] of type [org.springframework.boot.logging.logback.ColorPatternLayout] java.lang.ClassNotFoundException: org.springframework.boot.logging.logback.ColorPatternLayout
ERROR in ch.qos.logback.core.ConsoleAppender[CONSOLE] - No encoder set for the appender named "CONSOLE".
	at org.springframework.boot.context.logging.LoggingApplicationListener.initializeSystem(LoggingApplicationListener.java:347)
	at org.springframework.boot.context.logging.LoggingApplicationListener.initialize(LoggingApplicationListener.java:298)
	at org.springframework.boot.context.logging.LoggingApplicationListener.onApplicationEnvironmentPreparedEvent(LoggingApplicationListener.java:246)
	at org.springframework.boot.context.logging.LoggingApplicationListener.onApplicationEvent(LoggingApplicationListener.java:223)
	at org.springframework.context.event.SimpleApplicationEventMulticaster.doInvokeListener(SimpleApplicationEventMulticaster.java:185)
	at org.springframework.context.event.SimpleApplicationEventMulticaster.invokeListener(SimpleApplicationEventMulticaster.java:178)
	at org.springframework.context.event.SimpleApplicationEventMulticaster.multicastEvent(SimpleApplicationEventMulticaster.java:156)
	at org.springframework.context.event.SimpleApplicationEventMulticaster.multicastEvent(SimpleApplicationEventMulticaster.java:138)
	at org.springframework.boot.context.event.EventPublishingRunListener.multicastInitialEvent(EventPublishingRunListener.java:136)
	at org.springframework.boot.context.event.EventPublishingRunListener.environmentPrepared(EventPublishingRunListener.java:81)
	at org.springframework.boot.SpringApplicationRunListeners.lambda$environmentPrepared$2(SpringApplicationRunListeners.java:64)
	at java.base/java.lang.Iterable.forEach(Iterable.java:75)
	at org.springframework.boot.SpringApplicationRunListeners.doWithListeners(SpringApplicationRunListeners.java:118)
	at org.springframework.boot.SpringApplicationRunListeners.doWithListeners(SpringApplicationRunListeners.java:112)
	at org.springframework.boot.SpringApplicationRunListeners.environmentPrepared(SpringApplicationRunListeners.java:63)
	at org.springframework.boot.SpringApplication.prepareEnvironment(SpringApplication.java:353)
	at org.springframework.boot.SpringApplication.run(SpringApplication.java:313)
	at org.springframework.boot.SpringApplication.run(SpringApplication.java:1361)
	at org.springframework.boot.SpringApplication.run(SpringApplication.java:1350)
	at project.fmihub.backend.BackendApplication.main(BackendApplication.java:18)
Caused by: java.lang.IllegalStateException: Logback configuration error detected: 
ERROR in ch.qos.logback.core.model.processor.ImplicitModelHandler - Could not create component [encoder] of type [org.springframework.boot.logging.logback.ColorPatternLayout] java.lang.ClassNotFoundException: org.springframework.boot.logging.logback.ColorPatternLayout
ERROR in ch.qos.logback.core.ConsoleAppender[CONSOLE] - No encoder set for the appender named "CONSOLE".
	at org.springframework.boot.logging.logback.LogbackLoggingSystem.reportConfigurationErrorsIfNecessary(LogbackLoggingSystem.java:291)
	at org.springframework.boot.logging.logback.LogbackLoggingSystem.loadConfiguration(LogbackLoggingSystem.java:269)
	at org.springframework.boot.logging.AbstractLoggingSystem.initializeWithConventions(AbstractLoggingSystem.java:81)
	at org.springframework.boot.logging.AbstractLoggingSystem.initialize(AbstractLoggingSystem.java:61)
	at org.springframework.boot.logging.logback.LogbackLoggingSystem.initialize(LogbackLoggingSystem.java:197)
	at org.springframework.boot.context.logging.LoggingApplicationListener.initializeSystem(LoggingApplicationListener.java:332)
	... 19 common frames omitted
	Suppressed: java.lang.ClassNotFoundException: org.springframework.boot.logging.logback.ColorPatternLayout
		at java.base/jdk.internal.loader.BuiltinClassLoader.loadClass(BuiltinClassLoader.java:641)
		at java.base/jdk.internal.loader.ClassLoaders$AppClassLoader.loadClass(ClassLoaders.java:188)
		at java.base/java.lang.ClassLoader.loadClass(ClassLoader.java:526)
		at ch.qos.logback.core.util.Loader.loadClass(Loader.java:116)
		at ch.qos.logback.core.model.processor.ImplicitModelHandler.doComplex(ImplicitModelHandler.java:134)
		at ch.qos.logback.core.model.processor.ImplicitModelHandler.handle(ImplicitModelHandler.java:94)
		at ch.qos.logback.core.model.processor.DefaultProcessor.secondPhaseTraverse(DefaultProcessor.java:241)
		at ch.qos.logback.core.model.processor.DefaultProcessor.secondPhaseTraverse(DefaultProcessor.java:253)
		at ch.qos.logback.core.model.processor.DefaultProcessor.secondPhaseTraverse(DefaultProcessor.java:253)
		at ch.qos.logback.core.model.processor.DefaultProcessor.traversalLoop(DefaultProcessor.java:90)
		at ch.qos.logback.core.model.processor.DefaultProcessor.process(DefaultProcessor.java:106)
		at ch.qos.logback.core.joran.GenericXMLConfigurator.processModel(GenericXMLConfigurator.java:222)
		at org.springframework.boot.logging.logback.SpringBootJoranConfigurator.processModel(SpringBootJoranConfigurator.java:136)
		at ch.qos.logback.core.joran.GenericXMLConfigurator.doConfigure(GenericXMLConfigurator.java:178)
		at ch.qos.logback.core.joran.GenericXMLConfigurator.doConfigure(GenericXMLConfigurator.java:123)
		at ch.qos.logback.core.joran.GenericXMLConfigurator.doConfigure(GenericXMLConfigurator.java:66)
		at org.springframework.boot.logging.logback.LogbackLoggingSystem.configureByResourceUrl(LogbackLoggingSystem.java:300)
		at org.springframework.boot.logging.logback.LogbackLoggingSystem.lambda$loadConfiguration$2(LogbackLoggingSystem.java:262)
		at org.springframework.boot.logging.logback.LogbackLoggingSystem.withLoggingSuppressed(LogbackLoggingSystem.java:483)
		at org.springframework.boot.logging.logback.LogbackLoggingSystem.loadConfiguration(LogbackLoggingSystem.java:255)
		... 23 common frames omitted
2025-05-24 15:01:00 ERROR [main] o.s.boot.SpringApplication - Application run failed
java.lang.IllegalStateException: java.lang.IllegalStateException: Logback configuration error detected: 
ERROR in ch.qos.logback.core.pattern.parser.Compiler@3f2ef586 - There is no conversion supplier registered for conversion word [wEx]
ERROR in ch.qos.logback.core.pattern.parser.Compiler@3f2ef586 - [wEx] is not a valid conversion word
	at org.springframework.boot.context.logging.LoggingApplicationListener.initializeSystem(LoggingApplicationListener.java:347)
	at org.springframework.boot.context.logging.LoggingApplicationListener.initialize(LoggingApplicationListener.java:298)
	at org.springframework.boot.context.logging.LoggingApplicationListener.onApplicationEnvironmentPreparedEvent(LoggingApplicationListener.java:246)
	at org.springframework.boot.context.logging.LoggingApplicationListener.onApplicationEvent(LoggingApplicationListener.java:223)
	at org.springframework.context.event.SimpleApplicationEventMulticaster.doInvokeListener(SimpleApplicationEventMulticaster.java:185)
	at org.springframework.context.event.SimpleApplicationEventMulticaster.invokeListener(SimpleApplicationEventMulticaster.java:178)
	at org.springframework.context.event.SimpleApplicationEventMulticaster.multicastEvent(SimpleApplicationEventMulticaster.java:156)
	at org.springframework.context.event.SimpleApplicationEventMulticaster.multicastEvent(SimpleApplicationEventMulticaster.java:138)
	at org.springframework.boot.context.event.EventPublishingRunListener.multicastInitialEvent(EventPublishingRunListener.java:136)
	at org.springframework.boot.context.event.EventPublishingRunListener.environmentPrepared(EventPublishingRunListener.java:81)
	at org.springframework.boot.SpringApplicationRunListeners.lambda$environmentPrepared$2(SpringApplicationRunListeners.java:64)
	at java.base/java.lang.Iterable.forEach(Iterable.java:75)
	at org.springframework.boot.SpringApplicationRunListeners.doWithListeners(SpringApplicationRunListeners.java:118)
	at org.springframework.boot.SpringApplicationRunListeners.doWithListeners(SpringApplicationRunListeners.java:112)
	at org.springframework.boot.SpringApplicationRunListeners.environmentPrepared(SpringApplicationRunListeners.java:63)
	at org.springframework.boot.SpringApplication.prepareEnvironment(SpringApplication.java:353)
	at org.springframework.boot.SpringApplication.run(SpringApplication.java:313)
	at org.springframework.boot.SpringApplication.run(SpringApplication.java:1361)
	at org.springframework.boot.SpringApplication.run(SpringApplication.java:1350)
	at project.fmihub.backend.BackendApplication.main(BackendApplication.java:18)
Caused by: java.lang.IllegalStateException: Logback configuration error detected: 
ERROR in ch.qos.logback.core.pattern.parser.Compiler@3f2ef586 - There is no conversion supplier registered for conversion word [wEx]
ERROR in ch.qos.logback.core.pattern.parser.Compiler@3f2ef586 - [wEx] is not a valid conversion word
	at org.springframework.boot.logging.logback.LogbackLoggingSystem.reportConfigurationErrorsIfNecessary(LogbackLoggingSystem.java:291)
	at org.springframework.boot.logging.logback.LogbackLoggingSystem.loadConfiguration(LogbackLoggingSystem.java:269)
	at org.springframework.boot.logging.AbstractLoggingSystem.initializeWithConventions(AbstractLoggingSystem.java:81)
	at org.springframework.boot.logging.AbstractLoggingSystem.initialize(AbstractLoggingSystem.java:61)
	at org.springframework.boot.logging.logback.LogbackLoggingSystem.initialize(LogbackLoggingSystem.java:197)
	at org.springframework.boot.context.logging.LoggingApplicationListener.initializeSystem(LoggingApplicationListener.java:332)
	... 19 common frames omitted
2025-05-24 15:02:02 INFO  [main] p.fmihub.backend.BackendApplication - Starting BackendApplication using Java 21.0.6 with PID 24472 (D:\Proiect_facultativ\fmi-mobile-backend\build\classes\java\main started by HP in D:\Proiect_facultativ\fmi-mobile-backend)
2025-05-24 15:02:02 INFO  [main] p.fmihub.backend.BackendApplication - No active profile set, falling back to 1 default profile: "default"
2025-05-24 15:02:03 INFO  [main] o.s.d.r.c.RepositoryConfigurationDelegate - Bootstrapping Spring Data JPA repositories in DEFAULT mode.
2025-05-24 15:02:03 INFO  [main] o.s.d.r.c.RepositoryConfigurationDelegate - Finished Spring Data repository scanning in 133 ms. Found 7 JPA repository interfaces.
2025-05-24 15:02:04 INFO  [main] o.s.b.w.e.tomcat.TomcatWebServer - Tomcat initialized with port 8081 (http)
2025-05-24 15:02:04 INFO  [main] o.a.coyote.http11.Http11NioProtocol - Initializing ProtocolHandler ["http-nio-8081"]
2025-05-24 15:02:04 INFO  [main] o.a.catalina.core.StandardService - Starting service [Tomcat]
2025-05-24 15:02:04 INFO  [main] o.a.catalina.core.StandardEngine - Starting Servlet engine: [Apache Tomcat/10.1.39]
2025-05-24 15:02:04 INFO  [main] o.a.c.c.C.[Tomcat].[localhost].[/] - Initializing Spring embedded WebApplicationContext
2025-05-24 15:02:04 INFO  [main] o.s.b.w.s.c.ServletWebServerApplicationContext - Root WebApplicationContext: initialization completed in 2138 ms
2025-05-24 15:02:04 INFO  [main] o.h.jpa.internal.util.LogHelper - HHH000204: Processing PersistenceUnitInfo [name: default]
2025-05-24 15:02:04 INFO  [main] org.hibernate.Version - HHH000412: Hibernate ORM core version 6.6.11.Final
2025-05-24 15:02:04 INFO  [main] o.h.c.i.RegionFactoryInitiator - HHH000026: Second-level cache disabled
2025-05-24 15:02:04 INFO  [main] o.s.o.j.p.SpringPersistenceUnitInfo - No LoadTimeWeaver setup: ignoring JPA class transformer
2025-05-24 15:02:04 INFO  [main] com.zaxxer.hikari.HikariDataSource - HikariPool-1 - Starting...
2025-05-24 15:02:05 INFO  [main] com.zaxxer.hikari.pool.HikariPool - HikariPool-1 - Added connection org.postgresql.jdbc.PgConnection@6a38e3d1
2025-05-24 15:02:05 INFO  [main] com.zaxxer.hikari.HikariDataSource - HikariPool-1 - Start completed.
2025-05-24 15:02:06 INFO  [main] o.hibernate.orm.connections.pooling - HHH10001005: Database info:
	Database JDBC URL [Connecting through datasource 'HikariDataSource (HikariPool-1)']
	Database driver: undefined/unknown
	Database version: 15.12
	Autocommit mode: undefined/unknown
	Isolation level: undefined/unknown
	Minimum pool size: undefined/unknown
	Maximum pool size: undefined/unknown
2025-05-24 15:02:07 INFO  [main] o.h.e.t.j.p.i.JtaPlatformInitiator - HHH000489: No JTA platform available (set 'hibernate.transaction.jta.platform' to enable JTA platform integration)
2025-05-24 15:02:07 INFO  [main] o.s.o.j.LocalContainerEntityManagerFactoryBean - Initialized JPA EntityManagerFactory for persistence unit 'default'
2025-05-24 15:02:08 WARN  [main] o.s.b.w.s.c.AnnotationConfigServletWebServerApplicationContext - Exception encountered during context initialization - cancelling refresh attempt: org.springframework.beans.factory.BeanCreationException: Error creating bean with name 'securityConfig': Injection of autowired dependencies failed
2025-05-24 15:02:08 INFO  [main] o.s.o.j.LocalContainerEntityManagerFactoryBean - Closing JPA EntityManagerFactory for persistence unit 'default'
2025-05-24 15:02:08 INFO  [main] com.zaxxer.hikari.HikariDataSource - HikariPool-1 - Shutdown initiated...
2025-05-24 15:02:09 INFO  [main] com.zaxxer.hikari.HikariDataSource - HikariPool-1 - Shutdown completed.
2025-05-24 15:02:09 INFO  [main] o.a.catalina.core.StandardService - Stopping service [Tomcat]
2025-05-24 15:02:09 INFO  [main] o.s.b.a.l.ConditionEvaluationReportLogger - 

Error starting ApplicationContext. To display the condition evaluation report re-run your application with 'debug' enabled.
2025-05-24 15:02:09 ERROR [main] o.s.boot.SpringApplication - Application run failed
org.springframework.beans.factory.BeanCreationException: Error creating bean with name 'securityConfig': Injection of autowired dependencies failed
	at org.springframework.beans.factory.annotation.AutowiredAnnotationBeanPostProcessor.postProcessProperties(AutowiredAnnotationBeanPostProcessor.java:515)
	at org.springframework.beans.factory.support.AbstractAutowireCapableBeanFactory.populateBean(AbstractAutowireCapableBeanFactory.java:1445)
	at org.springframework.beans.factory.support.AbstractAutowireCapableBeanFactory.doCreateBean(AbstractAutowireCapableBeanFactory.java:600)
	at org.springframework.beans.factory.support.AbstractAutowireCapableBeanFactory.createBean(AbstractAutowireCapableBeanFactory.java:523)
	at org.springframework.beans.factory.support.AbstractBeanFactory.lambda$doGetBean$0(AbstractBeanFactory.java:339)
	at org.springframework.beans.factory.support.DefaultSingletonBeanRegistry.getSingleton(DefaultSingletonBeanRegistry.java:347)
	at org.springframework.beans.factory.support.AbstractBeanFactory.doGetBean(AbstractBeanFactory.java:337)
	at org.springframework.beans.factory.support.AbstractBeanFactory.getBean(AbstractBeanFactory.java:202)
	at org.springframework.beans.factory.support.DefaultListableBeanFactory.instantiateSingleton(DefaultListableBeanFactory.java:1155)
	at org.springframework.beans.factory.support.DefaultListableBeanFactory.preInstantiateSingleton(DefaultListableBeanFactory.java:1121)
	at org.springframework.beans.factory.support.DefaultListableBeanFactory.preInstantiateSingletons(DefaultListableBeanFactory.java:1056)
	at org.springframework.context.support.AbstractApplicationContext.finishBeanFactoryInitialization(AbstractApplicationContext.java:987)
	at org.springframework.context.support.AbstractApplicationContext.refresh(AbstractApplicationContext.java:627)
	at org.springframework.boot.web.servlet.context.ServletWebServerApplicationContext.refresh(ServletWebServerApplicationContext.java:146)
	at org.springframework.boot.SpringApplication.refresh(SpringApplication.java:752)
	at org.springframework.boot.SpringApplication.refreshContext(SpringApplication.java:439)
	at org.springframework.boot.SpringApplication.run(SpringApplication.java:318)
	at org.springframework.boot.SpringApplication.run(SpringApplication.java:1361)
	at org.springframework.boot.SpringApplication.run(SpringApplication.java:1350)
	at project.fmihub.backend.BackendApplication.main(BackendApplication.java:18)
Caused by: org.springframework.util.PlaceholderResolutionException: Could not resolve placeholder 'spring.security.oauth2.resourceserver.jwt.issuer-uri' in value "${spring.security.oauth2.resourceserver.jwt.issuer-uri}"
	at org.springframework.util.PlaceholderResolutionException.withValue(PlaceholderResolutionException.java:81)
	at org.springframework.util.PlaceholderParser$ParsedValue.resolve(PlaceholderParser.java:423)
	at org.springframework.util.PlaceholderParser.replacePlaceholders(PlaceholderParser.java:128)
	at org.springframework.util.PropertyPlaceholderHelper.parseStringValue(PropertyPlaceholderHelper.java:118)
	at org.springframework.util.PropertyPlaceholderHelper.replacePlaceholders(PropertyPlaceholderHelper.java:114)
	at org.springframework.core.env.AbstractPropertyResolver.doResolvePlaceholders(AbstractPropertyResolver.java:255)
	at org.springframework.core.env.AbstractPropertyResolver.resolveRequiredPlaceholders(AbstractPropertyResolver.java:226)
	at org.springframework.context.support.PropertySourcesPlaceholderConfigurer.lambda$processProperties$0(PropertySourcesPlaceholderConfigurer.java:201)
	at org.springframework.beans.factory.support.AbstractBeanFactory.resolveEmbeddedValue(AbstractBeanFactory.java:971)
	at org.springframework.beans.factory.support.DefaultListableBeanFactory.doResolveDependency(DefaultListableBeanFactory.java:1577)
	at org.springframework.beans.factory.support.DefaultListableBeanFactory.resolveDependency(DefaultListableBeanFactory.java:1555)
	at org.springframework.beans.factory.annotation.AutowiredAnnotationBeanPostProcessor$AutowiredFieldElement.resolveFieldValue(AutowiredAnnotationBeanPostProcessor.java:785)
	at org.springframework.beans.factory.annotation.AutowiredAnnotationBeanPostProcessor$AutowiredFieldElement.inject(AutowiredAnnotationBeanPostProcessor.java:768)
	at org.springframework.beans.factory.annotation.InjectionMetadata.inject(InjectionMetadata.java:146)
	at org.springframework.beans.factory.annotation.AutowiredAnnotationBeanPostProcessor.postProcessProperties(AutowiredAnnotationBeanPostProcessor.java:509)
	... 19 common frames omitted
2025-05-24 15:03:59 INFO  [main] p.fmihub.backend.BackendApplication - Starting BackendApplication using Java 21.0.6 with PID 24804 (D:\Proiect_facultativ\fmi-mobile-backend\build\classes\java\main started by HP in D:\Proiect_facultativ\fmi-mobile-backend)
2025-05-24 15:03:59 INFO  [main] p.fmihub.backend.BackendApplication - No active profile set, falling back to 1 default profile: "default"
2025-05-24 15:04:01 INFO  [main] o.s.d.r.c.RepositoryConfigurationDelegate - Bootstrapping Spring Data JPA repositories in DEFAULT mode.
2025-05-24 15:04:01 INFO  [main] o.s.d.r.c.RepositoryConfigurationDelegate - Finished Spring Data repository scanning in 151 ms. Found 7 JPA repository interfaces.
2025-05-24 15:04:01 INFO  [main] o.s.b.w.e.tomcat.TomcatWebServer - Tomcat initialized with port 8081 (http)
2025-05-24 15:04:01 INFO  [main] o.a.coyote.http11.Http11NioProtocol - Initializing ProtocolHandler ["http-nio-8081"]
2025-05-24 15:04:01 INFO  [main] o.a.catalina.core.StandardService - Starting service [Tomcat]
2025-05-24 15:04:01 INFO  [main] o.a.catalina.core.StandardEngine - Starting Servlet engine: [Apache Tomcat/10.1.39]
2025-05-24 15:04:01 INFO  [main] o.a.c.c.C.[Tomcat].[localhost].[/] - Initializing Spring embedded WebApplicationContext
2025-05-24 15:04:01 INFO  [main] o.s.b.w.s.c.ServletWebServerApplicationContext - Root WebApplicationContext: initialization completed in 2331 ms
2025-05-24 15:04:02 INFO  [main] o.h.jpa.internal.util.LogHelper - HHH000204: Processing PersistenceUnitInfo [name: default]
2025-05-24 15:04:02 INFO  [main] org.hibernate.Version - HHH000412: Hibernate ORM core version 6.6.11.Final
2025-05-24 15:04:02 INFO  [main] o.h.c.i.RegionFactoryInitiator - HHH000026: Second-level cache disabled
2025-05-24 15:04:02 INFO  [main] o.s.o.j.p.SpringPersistenceUnitInfo - No LoadTimeWeaver setup: ignoring JPA class transformer
2025-05-24 15:04:02 INFO  [main] com.zaxxer.hikari.HikariDataSource - HikariPool-1 - Starting...
2025-05-24 15:04:03 INFO  [main] com.zaxxer.hikari.pool.HikariPool - HikariPool-1 - Added connection org.postgresql.jdbc.PgConnection@3dd66ff5
2025-05-24 15:04:03 INFO  [main] com.zaxxer.hikari.HikariDataSource - HikariPool-1 - Start completed.
2025-05-24 15:04:03 INFO  [main] o.hibernate.orm.connections.pooling - HHH10001005: Database info:
	Database JDBC URL [Connecting through datasource 'HikariDataSource (HikariPool-1)']
	Database driver: undefined/unknown
	Database version: 15.12
	Autocommit mode: undefined/unknown
	Isolation level: undefined/unknown
	Minimum pool size: undefined/unknown
	Maximum pool size: undefined/unknown
2025-05-24 15:04:04 INFO  [main] o.h.e.t.j.p.i.JtaPlatformInitiator - HHH000489: No JTA platform available (set 'hibernate.transaction.jta.platform' to enable JTA platform integration)
2025-05-24 15:04:05 INFO  [main] o.s.o.j.LocalContainerEntityManagerFactoryBean - Initialized JPA EntityManagerFactory for persistence unit 'default'
2025-05-24 15:04:05 WARN  [main] o.s.b.w.s.c.AnnotationConfigServletWebServerApplicationContext - Exception encountered during context initialization - cancelling refresh attempt: org.springframework.beans.factory.BeanCreationException: Error creating bean with name 'securityConfig': Injection of autowired dependencies failed
2025-05-24 15:04:05 INFO  [main] o.s.o.j.LocalContainerEntityManagerFactoryBean - Closing JPA EntityManagerFactory for persistence unit 'default'
2025-05-24 15:04:05 INFO  [main] com.zaxxer.hikari.HikariDataSource - HikariPool-1 - Shutdown initiated...
2025-05-24 15:04:06 INFO  [main] com.zaxxer.hikari.HikariDataSource - HikariPool-1 - Shutdown completed.
2025-05-24 15:04:06 INFO  [main] o.a.catalina.core.StandardService - Stopping service [Tomcat]
2025-05-24 15:04:06 INFO  [main] o.s.b.a.l.ConditionEvaluationReportLogger - 

Error starting ApplicationContext. To display the condition evaluation report re-run your application with 'debug' enabled.
2025-05-24 15:04:06 ERROR [main] o.s.boot.SpringApplication - Application run failed
org.springframework.beans.factory.BeanCreationException: Error creating bean with name 'securityConfig': Injection of autowired dependencies failed
	at org.springframework.beans.factory.annotation.AutowiredAnnotationBeanPostProcessor.postProcessProperties(AutowiredAnnotationBeanPostProcessor.java:515)
	at org.springframework.beans.factory.support.AbstractAutowireCapableBeanFactory.populateBean(AbstractAutowireCapableBeanFactory.java:1445)
	at org.springframework.beans.factory.support.AbstractAutowireCapableBeanFactory.doCreateBean(AbstractAutowireCapableBeanFactory.java:600)
	at org.springframework.beans.factory.support.AbstractAutowireCapableBeanFactory.createBean(AbstractAutowireCapableBeanFactory.java:523)
	at org.springframework.beans.factory.support.AbstractBeanFactory.lambda$doGetBean$0(AbstractBeanFactory.java:339)
	at org.springframework.beans.factory.support.DefaultSingletonBeanRegistry.getSingleton(DefaultSingletonBeanRegistry.java:347)
	at org.springframework.beans.factory.support.AbstractBeanFactory.doGetBean(AbstractBeanFactory.java:337)
	at org.springframework.beans.factory.support.AbstractBeanFactory.getBean(AbstractBeanFactory.java:202)
	at org.springframework.beans.factory.support.DefaultListableBeanFactory.instantiateSingleton(DefaultListableBeanFactory.java:1155)
	at org.springframework.beans.factory.support.DefaultListableBeanFactory.preInstantiateSingleton(DefaultListableBeanFactory.java:1121)
	at org.springframework.beans.factory.support.DefaultListableBeanFactory.preInstantiateSingletons(DefaultListableBeanFactory.java:1056)
	at org.springframework.context.support.AbstractApplicationContext.finishBeanFactoryInitialization(AbstractApplicationContext.java:987)
	at org.springframework.context.support.AbstractApplicationContext.refresh(AbstractApplicationContext.java:627)
	at org.springframework.boot.web.servlet.context.ServletWebServerApplicationContext.refresh(ServletWebServerApplicationContext.java:146)
	at org.springframework.boot.SpringApplication.refresh(SpringApplication.java:752)
	at org.springframework.boot.SpringApplication.refreshContext(SpringApplication.java:439)
	at org.springframework.boot.SpringApplication.run(SpringApplication.java:318)
	at org.springframework.boot.SpringApplication.run(SpringApplication.java:1361)
	at org.springframework.boot.SpringApplication.run(SpringApplication.java:1350)
	at project.fmihub.backend.BackendApplication.main(BackendApplication.java:18)
Caused by: org.springframework.util.PlaceholderResolutionException: Could not resolve placeholder 'spring.security.oauth2.resourceserver.jwt.issuer-uri' in value "${spring.security.oauth2.resourceserver.jwt.issuer-uri}"
	at org.springframework.util.PlaceholderResolutionException.withValue(PlaceholderResolutionException.java:81)
	at org.springframework.util.PlaceholderParser$ParsedValue.resolve(PlaceholderParser.java:423)
	at org.springframework.util.PlaceholderParser.replacePlaceholders(PlaceholderParser.java:128)
	at org.springframework.util.PropertyPlaceholderHelper.parseStringValue(PropertyPlaceholderHelper.java:118)
	at org.springframework.util.PropertyPlaceholderHelper.replacePlaceholders(PropertyPlaceholderHelper.java:114)
	at org.springframework.core.env.AbstractPropertyResolver.doResolvePlaceholders(AbstractPropertyResolver.java:255)
	at org.springframework.core.env.AbstractPropertyResolver.resolveRequiredPlaceholders(AbstractPropertyResolver.java:226)
	at org.springframework.context.support.PropertySourcesPlaceholderConfigurer.lambda$processProperties$0(PropertySourcesPlaceholderConfigurer.java:201)
	at org.springframework.beans.factory.support.AbstractBeanFactory.resolveEmbeddedValue(AbstractBeanFactory.java:971)
	at org.springframework.beans.factory.support.DefaultListableBeanFactory.doResolveDependency(DefaultListableBeanFactory.java:1577)
	at org.springframework.beans.factory.support.DefaultListableBeanFactory.resolveDependency(DefaultListableBeanFactory.java:1555)
	at org.springframework.beans.factory.annotation.AutowiredAnnotationBeanPostProcessor$AutowiredFieldElement.resolveFieldValue(AutowiredAnnotationBeanPostProcessor.java:785)
	at org.springframework.beans.factory.annotation.AutowiredAnnotationBeanPostProcessor$AutowiredFieldElement.inject(AutowiredAnnotationBeanPostProcessor.java:768)
	at org.springframework.beans.factory.annotation.InjectionMetadata.inject(InjectionMetadata.java:146)
	at org.springframework.beans.factory.annotation.AutowiredAnnotationBeanPostProcessor.postProcessProperties(AutowiredAnnotationBeanPostProcessor.java:509)
	... 19 common frames omitted
2025-05-24 15:16:00 INFO  [main] p.fmihub.backend.BackendApplication - Starting BackendApplication using Java 21.0.6 with PID 40692 (D:\Proiect_facultativ\fmi-mobile-backend\build\classes\java\main started by HP in D:\Proiect_facultativ\fmi-mobile-backend)
2025-05-24 15:16:00 INFO  [main] p.fmihub.backend.BackendApplication - No active profile set, falling back to 1 default profile: "default"
2025-05-24 15:16:01 INFO  [main] o.s.d.r.c.RepositoryConfigurationDelegate - Bootstrapping Spring Data JPA repositories in DEFAULT mode.
2025-05-24 15:16:01 INFO  [main] o.s.d.r.c.RepositoryConfigurationDelegate - Finished Spring Data repository scanning in 122 ms. Found 7 JPA repository interfaces.
2025-05-24 15:16:02 INFO  [main] o.s.b.w.e.tomcat.TomcatWebServer - Tomcat initialized with port 8082 (http)
2025-05-24 15:16:02 INFO  [main] o.a.coyote.http11.Http11NioProtocol - Initializing ProtocolHandler ["http-nio-8082"]
2025-05-24 15:16:02 INFO  [main] o.a.catalina.core.StandardService - Starting service [Tomcat]
2025-05-24 15:16:02 INFO  [main] o.a.catalina.core.StandardEngine - Starting Servlet engine: [Apache Tomcat/10.1.39]
2025-05-24 15:16:02 INFO  [main] o.a.c.c.C.[Tomcat].[localhost].[/] - Initializing Spring embedded WebApplicationContext
2025-05-24 15:16:02 INFO  [main] o.s.b.w.s.c.ServletWebServerApplicationContext - Root WebApplicationContext: initialization completed in 1509 ms
2025-05-24 15:16:02 INFO  [main] o.h.jpa.internal.util.LogHelper - HHH000204: Processing PersistenceUnitInfo [name: default]
2025-05-24 15:16:02 INFO  [main] org.hibernate.Version - HHH000412: Hibernate ORM core version 6.6.11.Final
2025-05-24 15:16:02 INFO  [main] o.h.c.i.RegionFactoryInitiator - HHH000026: Second-level cache disabled
2025-05-24 15:16:02 INFO  [main] o.s.o.j.p.SpringPersistenceUnitInfo - No LoadTimeWeaver setup: ignoring JPA class transformer
2025-05-24 15:16:02 INFO  [main] com.zaxxer.hikari.HikariDataSource - HikariPool-1 - Starting...
2025-05-24 15:16:03 INFO  [main] com.zaxxer.hikari.pool.HikariPool - HikariPool-1 - Added connection org.postgresql.jdbc.PgConnection@70700b8a
2025-05-24 15:16:03 INFO  [main] com.zaxxer.hikari.HikariDataSource - HikariPool-1 - Start completed.
2025-05-24 15:16:03 INFO  [main] o.hibernate.orm.connections.pooling - HHH10001005: Database info:
	Database JDBC URL [Connecting through datasource 'HikariDataSource (HikariPool-1)']
	Database driver: undefined/unknown
	Database version: 15.12
	Autocommit mode: undefined/unknown
	Isolation level: undefined/unknown
	Minimum pool size: undefined/unknown
	Maximum pool size: undefined/unknown
2025-05-24 15:16:04 INFO  [main] o.h.e.t.j.p.i.JtaPlatformInitiator - HHH000489: No JTA platform available (set 'hibernate.transaction.jta.platform' to enable JTA platform integration)
2025-05-24 15:16:05 INFO  [main] o.s.o.j.LocalContainerEntityManagerFactoryBean - Initialized JPA EntityManagerFactory for persistence unit 'default'
2025-05-24 15:16:05 WARN  [main] o.s.b.a.o.j.JpaBaseConfiguration$JpaWebConfiguration - spring.jpa.open-in-view is enabled by default. Therefore, database queries may be performed during view rendering. Explicitly configure spring.jpa.open-in-view to disable this warning
2025-05-24 15:16:05 DEBUG [main] o.s.s.c.a.a.c.AuthenticationConfiguration$DefaultPasswordEncoderAuthenticationManagerBuilder - No authenticationProviders and no parentAuthenticationManager defined. Returning null.
2025-05-24 15:16:05 INFO  [main] p.fmihub.backend.SecurityConfig - Configuring SecurityFilterChain. Securing all endpoints.
2025-05-24 15:16:05 INFO  [main] p.fmihub.backend.SecurityConfig - Initializing JWT Decoder with issuer: https://sts.windows.net/5a4863ed-40c8-4fd5-8298-fbfdb7f13095/
2025-05-24 15:16:06 INFO  [main] p.fmihub.backend.SecurityConfig - JwtDecoder configured with audience validation: api://fmihub-backend
2025-05-24 15:16:06 DEBUG [main] o.s.s.web.DefaultSecurityFilterChain - Will secure any request with filters: DisableEncodeUrlFilter, WebAsyncManagerIntegrationFilter, SecurityContextHolderFilter, HeaderWriterFilter, CsrfFilter, LogoutFilter, BearerTokenAuthenticationFilter, RequestCacheAwareFilter, SecurityContextHolderAwareRequestFilter, AnonymousAuthenticationFilter, ExceptionTranslationFilter, AuthorizationFilter
2025-05-24 15:16:06 INFO  [main] o.s.v.b.OptionalValidatorFactoryBean - Failed to set up a Bean Validation provider: jakarta.validation.NoProviderFoundException: Unable to create a Configuration, because no Jakarta Bean Validation provider could be found. Add a provider like Hibernate Validator (RI) to your classpath.
2025-05-24 15:16:07 INFO  [main] c.a.c.h.n.i.NettyUtility - {"az.sdk.message":"The following Netty versions were found on the classpath and have a mismatch with the versions used by azure-core-http-netty. If your application runs without issue this message can be ignored, otherwise please align the Netty versions used in your application. For more information, see https://aka.ms/azsdk/java/dependency/troubleshoot.","azure-netty-version":"4.1.118.Final","azure-netty-native-version":"2.0.70.Final","classpath-netty-version-io.netty:netty-common":"4.1.119.Final","classpath-netty-version-io.netty:netty-handler":"4.1.119.Final","classpath-netty-version-io.netty:netty-handler-proxy":"4.1.119.Final","classpath-netty-version-io.netty:netty-buffer":"4.1.119.Final","classpath-netty-version-io.netty:netty-codec":"4.1.119.Final","classpath-netty-version-io.netty:netty-codec-http":"4.1.119.Final","classpath-netty-version-io.netty:netty-codec-http2":"4.1.119.Final","classpath-netty-version-io.netty:netty-transport-native-unix-common":"4.1.119.Final","classpath-netty-version-io.netty:netty-transport-native-epoll":"4.1.119.Final","classpath-netty-version-io.netty:netty-transport-native-kqueue":"4.1.119.Final","classpath-native-netty-version-io.netty:netty-tcnative-boringssl-static":"2.0.70.Final"}
2025-05-24 15:16:07 INFO  [main] o.a.coyote.http11.Http11NioProtocol - Starting ProtocolHandler ["http-nio-8082"]
2025-05-24 15:16:07 INFO  [main] o.s.b.w.e.tomcat.TomcatWebServer - Tomcat started on port 8082 (http) with context path '/'
2025-05-24 15:16:07 INFO  [main] p.fmihub.backend.BackendApplication - Started BackendApplication in 7.358 seconds (process running for 8.919)
2025-05-24 15:23:09 INFO  [SpringApplicationShutdownHook] o.s.b.w.e.tomcat.GracefulShutdown - Commencing graceful shutdown. Waiting for active requests to complete
2025-05-24 15:23:09 INFO  [tomcat-shutdown] o.s.b.w.e.tomcat.GracefulShutdown - Graceful shutdown complete
2025-05-24 15:23:09 INFO  [SpringApplicationShutdownHook] o.s.o.j.LocalContainerEntityManagerFactoryBean - Closing JPA EntityManagerFactory for persistence unit 'default'
2025-05-24 15:23:09 INFO  [SpringApplicationShutdownHook] com.zaxxer.hikari.HikariDataSource - HikariPool-1 - Shutdown initiated...
2025-05-24 15:23:09 INFO  [SpringApplicationShutdownHook] com.zaxxer.hikari.HikariDataSource - HikariPool-1 - Shutdown completed.
2025-05-24 15:27:46 INFO  [main] p.fmihub.backend.BackendApplication - Starting BackendApplication using Java 21.0.6 with PID 35392 (D:\Proiect_facultativ\fmi-mobile-backend\build\classes\java\main started by HP in D:\Proiect_facultativ\fmi-mobile-backend)
2025-05-24 15:27:46 INFO  [main] p.fmihub.backend.BackendApplication - No active profile set, falling back to 1 default profile: "default"
2025-05-24 15:27:47 INFO  [main] o.s.d.r.c.RepositoryConfigurationDelegate - Bootstrapping Spring Data JPA repositories in DEFAULT mode.
2025-05-24 15:27:47 INFO  [main] o.s.d.r.c.RepositoryConfigurationDelegate - Finished Spring Data repository scanning in 144 ms. Found 7 JPA repository interfaces.
2025-05-24 15:27:48 INFO  [main] o.s.b.w.e.tomcat.TomcatWebServer - Tomcat initialized with port 8082 (http)
2025-05-24 15:27:48 INFO  [main] o.a.coyote.http11.Http11NioProtocol - Initializing ProtocolHandler ["http-nio-8082"]
2025-05-24 15:27:48 INFO  [main] o.a.catalina.core.StandardService - Starting service [Tomcat]
2025-05-24 15:27:48 INFO  [main] o.a.catalina.core.StandardEngine - Starting Servlet engine: [Apache Tomcat/10.1.39]
2025-05-24 15:27:48 INFO  [main] o.a.c.c.C.[Tomcat].[localhost].[/] - Initializing Spring embedded WebApplicationContext
2025-05-24 15:27:48 INFO  [main] o.s.b.w.s.c.ServletWebServerApplicationContext - Root WebApplicationContext: initialization completed in 1489 ms
2025-05-24 15:27:48 INFO  [main] o.h.jpa.internal.util.LogHelper - HHH000204: Processing PersistenceUnitInfo [name: default]
2025-05-24 15:27:48 INFO  [main] org.hibernate.Version - HHH000412: Hibernate ORM core version 6.6.11.Final
2025-05-24 15:27:48 INFO  [main] o.h.c.i.RegionFactoryInitiator - HHH000026: Second-level cache disabled
2025-05-24 15:27:48 INFO  [main] o.s.o.j.p.SpringPersistenceUnitInfo - No LoadTimeWeaver setup: ignoring JPA class transformer
2025-05-24 15:27:48 INFO  [main] com.zaxxer.hikari.HikariDataSource - HikariPool-1 - Starting...
2025-05-24 15:27:49 INFO  [main] com.zaxxer.hikari.pool.HikariPool - HikariPool-1 - Added connection org.postgresql.jdbc.PgConnection@84a9f65
2025-05-24 15:27:49 INFO  [main] com.zaxxer.hikari.HikariDataSource - HikariPool-1 - Start completed.
2025-05-24 15:27:49 INFO  [main] o.hibernate.orm.connections.pooling - HHH10001005: Database info:
	Database JDBC URL [Connecting through datasource 'HikariDataSource (HikariPool-1)']
	Database driver: undefined/unknown
	Database version: 15.12
	Autocommit mode: undefined/unknown
	Isolation level: undefined/unknown
	Minimum pool size: undefined/unknown
	Maximum pool size: undefined/unknown
2025-05-24 15:27:50 INFO  [main] o.h.e.t.j.p.i.JtaPlatformInitiator - HHH000489: No JTA platform available (set 'hibernate.transaction.jta.platform' to enable JTA platform integration)
2025-05-24 15:27:51 INFO  [main] o.s.o.j.LocalContainerEntityManagerFactoryBean - Initialized JPA EntityManagerFactory for persistence unit 'default'
2025-05-24 15:27:51 WARN  [main] o.s.b.a.o.j.JpaBaseConfiguration$JpaWebConfiguration - spring.jpa.open-in-view is enabled by default. Therefore, database queries may be performed during view rendering. Explicitly configure spring.jpa.open-in-view to disable this warning
2025-05-24 15:27:51 DEBUG [main] o.s.s.c.a.a.c.AuthenticationConfiguration$DefaultPasswordEncoderAuthenticationManagerBuilder - No authenticationProviders and no parentAuthenticationManager defined. Returning null.
2025-05-24 15:27:51 INFO  [main] p.fmihub.backend.SecurityConfig - Configuring SecurityFilterChain. Securing all endpoints.
2025-05-24 15:27:51 INFO  [main] p.fmihub.backend.SecurityConfig - Initializing JWT Decoder with issuer: https://sts.windows.net/5a4863ed-40c8-4fd5-8298-fbfdb7f13095/
2025-05-24 15:27:52 INFO  [main] p.fmihub.backend.SecurityConfig - JwtDecoder configured with audience validation: api://fmihub-backend
2025-05-24 15:27:52 DEBUG [main] o.s.s.web.DefaultSecurityFilterChain - Will secure any request with filters: DisableEncodeUrlFilter, WebAsyncManagerIntegrationFilter, SecurityContextHolderFilter, HeaderWriterFilter, CsrfFilter, LogoutFilter, BearerTokenAuthenticationFilter, RequestCacheAwareFilter, SecurityContextHolderAwareRequestFilter, AnonymousAuthenticationFilter, ExceptionTranslationFilter, AuthorizationFilter
2025-05-24 15:27:52 INFO  [main] o.s.v.b.OptionalValidatorFactoryBean - Failed to set up a Bean Validation provider: jakarta.validation.NoProviderFoundException: Unable to create a Configuration, because no Jakarta Bean Validation provider could be found. Add a provider like Hibernate Validator (RI) to your classpath.
2025-05-24 15:27:52 INFO  [main] c.a.c.h.n.i.NettyUtility - {"az.sdk.message":"The following Netty versions were found on the classpath and have a mismatch with the versions used by azure-core-http-netty. If your application runs without issue this message can be ignored, otherwise please align the Netty versions used in your application. For more information, see https://aka.ms/azsdk/java/dependency/troubleshoot.","azure-netty-version":"4.1.118.Final","azure-netty-native-version":"2.0.70.Final","classpath-netty-version-io.netty:netty-common":"4.1.119.Final","classpath-netty-version-io.netty:netty-handler":"4.1.119.Final","classpath-netty-version-io.netty:netty-handler-proxy":"4.1.119.Final","classpath-netty-version-io.netty:netty-buffer":"4.1.119.Final","classpath-netty-version-io.netty:netty-codec":"4.1.119.Final","classpath-netty-version-io.netty:netty-codec-http":"4.1.119.Final","classpath-netty-version-io.netty:netty-codec-http2":"4.1.119.Final","classpath-netty-version-io.netty:netty-transport-native-unix-common":"4.1.119.Final","classpath-netty-version-io.netty:netty-transport-native-epoll":"4.1.119.Final","classpath-netty-version-io.netty:netty-transport-native-kqueue":"4.1.119.Final","classpath-native-netty-version-io.netty:netty-tcnative-boringssl-static":"2.0.70.Final"}
2025-05-24 15:27:53 INFO  [main] o.a.coyote.http11.Http11NioProtocol - Starting ProtocolHandler ["http-nio-8082"]
2025-05-24 15:27:53 INFO  [main] o.s.b.w.e.tomcat.TomcatWebServer - Tomcat started on port 8082 (http) with context path '/'
2025-05-24 15:27:53 INFO  [main] p.fmihub.backend.BackendApplication - Started BackendApplication in 7.126 seconds (process running for 7.763)
2025-05-24 15:27:53 INFO  [scheduling-1] p.fmihub.backend.Service.NewsService - Starting scheduled RSS news fetch task.
2025-05-24 15:27:53 INFO  [scheduling-1] p.fmihub.backend.Service.NewsService - Fetched 10 entries for language 'hu'
2025-05-24 15:27:54 INFO  [scheduling-1] p.fmihub.backend.Service.NewsService - No new articles to store for language 'hu'
2025-05-24 15:27:54 INFO  [scheduling-1] p.fmihub.backend.Service.NewsService - Fetched 10 entries for language 'de'
2025-05-24 15:27:55 INFO  [scheduling-1] p.fmihub.backend.Service.NewsService - No new articles to store for language 'de'
2025-05-24 15:27:55 INFO  [scheduling-1] p.fmihub.backend.Service.NewsService - Fetched 10 entries for language 'ro'
2025-05-24 15:27:55 INFO  [scheduling-1] p.fmihub.backend.Service.NewsService - No new articles to store for language 'ro'
2025-05-24 15:27:55 INFO  [scheduling-1] p.fmihub.backend.Service.NewsService - RSS news fetch task completed.
2025-05-24 15:28:06 INFO  [SpringApplicationShutdownHook] o.s.b.w.e.tomcat.GracefulShutdown - Commencing graceful shutdown. Waiting for active requests to complete
2025-05-24 15:28:06 INFO  [tomcat-shutdown] o.s.b.w.e.tomcat.GracefulShutdown - Graceful shutdown complete
2025-05-24 15:28:06 INFO  [SpringApplicationShutdownHook] o.s.o.j.LocalContainerEntityManagerFactoryBean - Closing JPA EntityManagerFactory for persistence unit 'default'
2025-05-24 15:28:06 INFO  [SpringApplicationShutdownHook] com.zaxxer.hikari.HikariDataSource - HikariPool-1 - Shutdown initiated...
2025-05-24 15:28:07 INFO  [SpringApplicationShutdownHook] com.zaxxer.hikari.HikariDataSource - HikariPool-1 - Shutdown completed.
2025-05-24 15:42:00 INFO  [main] p.fmihub.backend.BackendApplication - Starting BackendApplication using Java 21.0.6 with PID 5784 (D:\Proiect_facultativ\fmi-mobile-backend\build\classes\java\main started by HP in D:\Proiect_facultativ\fmi-mobile-backend)
2025-05-24 15:42:00 INFO  [main] p.fmihub.backend.BackendApplication - No active profile set, falling back to 1 default profile: "default"
2025-05-24 15:42:01 INFO  [main] o.s.d.r.c.RepositoryConfigurationDelegate - Bootstrapping Spring Data JPA repositories in DEFAULT mode.
2025-05-24 15:42:01 INFO  [main] o.s.d.r.c.RepositoryConfigurationDelegate - Finished Spring Data repository scanning in 119 ms. Found 7 JPA repository interfaces.
2025-05-24 15:42:01 INFO  [main] o.s.b.w.e.tomcat.TomcatWebServer - Tomcat initialized with port 8082 (http)
2025-05-24 15:42:01 INFO  [main] o.a.coyote.http11.Http11NioProtocol - Initializing ProtocolHandler ["http-nio-8082"]
2025-05-24 15:42:01 INFO  [main] o.a.catalina.core.StandardService - Starting service [Tomcat]
2025-05-24 15:42:01 INFO  [main] o.a.catalina.core.StandardEngine - Starting Servlet engine: [Apache Tomcat/10.1.39]
2025-05-24 15:42:02 INFO  [main] o.a.c.c.C.[Tomcat].[localhost].[/] - Initializing Spring embedded WebApplicationContext
2025-05-24 15:42:02 INFO  [main] o.s.b.w.s.c.ServletWebServerApplicationContext - Root WebApplicationContext: initialization completed in 1405 ms
2025-05-24 15:42:02 INFO  [main] o.h.jpa.internal.util.LogHelper - HHH000204: Processing PersistenceUnitInfo [name: default]
2025-05-24 15:42:02 INFO  [main] org.hibernate.Version - HHH000412: Hibernate ORM core version 6.6.11.Final
2025-05-24 15:42:02 INFO  [main] o.h.c.i.RegionFactoryInitiator - HHH000026: Second-level cache disabled
2025-05-24 15:42:02 INFO  [main] o.s.o.j.p.SpringPersistenceUnitInfo - No LoadTimeWeaver setup: ignoring JPA class transformer
2025-05-24 15:42:02 INFO  [main] com.zaxxer.hikari.HikariDataSource - HikariPool-1 - Starting...
2025-05-24 15:42:03 INFO  [main] com.zaxxer.hikari.pool.HikariPool - HikariPool-1 - Added connection org.postgresql.jdbc.PgConnection@2bf4fa1
2025-05-24 15:42:03 INFO  [main] com.zaxxer.hikari.HikariDataSource - HikariPool-1 - Start completed.
2025-05-24 15:42:03 INFO  [main] o.hibernate.orm.connections.pooling - HHH10001005: Database info:
	Database JDBC URL [Connecting through datasource 'HikariDataSource (HikariPool-1)']
	Database driver: undefined/unknown
	Database version: 15.12
	Autocommit mode: undefined/unknown
	Isolation level: undefined/unknown
	Minimum pool size: undefined/unknown
	Maximum pool size: undefined/unknown
2025-05-24 15:42:04 INFO  [main] o.h.e.t.j.p.i.JtaPlatformInitiator - HHH000489: No JTA platform available (set 'hibernate.transaction.jta.platform' to enable JTA platform integration)
2025-05-24 15:42:05 INFO  [main] o.s.o.j.LocalContainerEntityManagerFactoryBean - Initialized JPA EntityManagerFactory for persistence unit 'default'
2025-05-24 15:42:05 INFO  [main] p.f.b.Service.AttendanceService - AttendanceService initialized with AttendanceClient
2025-05-24 15:42:05 INFO  [main] p.f.backend.Service.StripeService - Stripe API Key initialized
2025-05-24 15:42:05 WARN  [main] o.s.b.a.o.j.JpaBaseConfiguration$JpaWebConfiguration - spring.jpa.open-in-view is enabled by default. Therefore, database queries may be performed during view rendering. Explicitly configure spring.jpa.open-in-view to disable this warning
2025-05-24 15:42:05 DEBUG [main] o.s.s.c.a.a.c.AuthenticationConfiguration$DefaultPasswordEncoderAuthenticationManagerBuilder - No authenticationProviders and no parentAuthenticationManager defined. Returning null.
2025-05-24 15:42:05 INFO  [main] p.fmihub.backend.SecurityConfig - Configuring SecurityFilterChain. Securing all endpoints.
2025-05-24 15:42:05 INFO  [main] p.fmihub.backend.SecurityConfig - Initializing JWT Decoder with issuer: https://sts.windows.net/5a4863ed-40c8-4fd5-8298-fbfdb7f13095/
2025-05-24 15:42:06 INFO  [main] p.fmihub.backend.SecurityConfig - JwtDecoder configured with audience validation: api://fmihub-backend
2025-05-24 15:42:06 DEBUG [main] o.s.s.web.DefaultSecurityFilterChain - Will secure any request with filters: DisableEncodeUrlFilter, WebAsyncManagerIntegrationFilter, SecurityContextHolderFilter, HeaderWriterFilter, CsrfFilter, LogoutFilter, BearerTokenAuthenticationFilter, RequestCacheAwareFilter, SecurityContextHolderAwareRequestFilter, AnonymousAuthenticationFilter, ExceptionTranslationFilter, AuthorizationFilter
2025-05-24 15:42:06 INFO  [main] o.s.v.b.OptionalValidatorFactoryBean - Failed to set up a Bean Validation provider: jakarta.validation.NoProviderFoundException: Unable to create a Configuration, because no Jakarta Bean Validation provider could be found. Add a provider like Hibernate Validator (RI) to your classpath.
2025-05-24 15:42:06 INFO  [main] c.a.c.h.n.i.NettyUtility - {"az.sdk.message":"The following Netty versions were found on the classpath and have a mismatch with the versions used by azure-core-http-netty. If your application runs without issue this message can be ignored, otherwise please align the Netty versions used in your application. For more information, see https://aka.ms/azsdk/java/dependency/troubleshoot.","azure-netty-version":"4.1.118.Final","azure-netty-native-version":"2.0.70.Final","classpath-netty-version-io.netty:netty-common":"4.1.119.Final","classpath-netty-version-io.netty:netty-handler":"4.1.119.Final","classpath-netty-version-io.netty:netty-handler-proxy":"4.1.119.Final","classpath-netty-version-io.netty:netty-buffer":"4.1.119.Final","classpath-netty-version-io.netty:netty-codec":"4.1.119.Final","classpath-netty-version-io.netty:netty-codec-http":"4.1.119.Final","classpath-netty-version-io.netty:netty-codec-http2":"4.1.119.Final","classpath-netty-version-io.netty:netty-transport-native-unix-common":"4.1.119.Final","classpath-netty-version-io.netty:netty-transport-native-epoll":"4.1.119.Final","classpath-netty-version-io.netty:netty-transport-native-kqueue":"4.1.119.Final","classpath-native-netty-version-io.netty:netty-tcnative-boringssl-static":"2.0.70.Final"}
2025-05-24 15:42:07 INFO  [main] o.a.coyote.http11.Http11NioProtocol - Starting ProtocolHandler ["http-nio-8082"]
2025-05-24 15:42:07 INFO  [main] o.s.b.w.e.tomcat.TomcatWebServer - Tomcat started on port 8082 (http) with context path '/'
2025-05-24 15:42:07 INFO  [main] p.fmihub.backend.BackendApplication - Started BackendApplication in 7.056 seconds (process running for 7.7)
2025-05-24 15:42:07 INFO  [scheduling-1] p.fmihub.backend.Service.NewsService - Starting scheduled RSS news fetch task.
2025-05-24 15:42:07 INFO  [scheduling-1] p.fmihub.backend.Service.NewsService - Fetched 10 entries for language 'ro'
2025-05-24 15:42:08 INFO  [scheduling-1] p.fmihub.backend.Service.NewsService - No new articles to store for language 'ro'
2025-05-24 15:42:08 INFO  [scheduling-1] p.fmihub.backend.Service.NewsService - Fetched 10 entries for language 'hu'
2025-05-24 15:42:08 INFO  [scheduling-1] p.fmihub.backend.Service.NewsService - No new articles to store for language 'hu'
2025-05-24 15:42:09 INFO  [scheduling-1] p.fmihub.backend.Service.NewsService - Fetched 10 entries for language 'de'
2025-05-24 15:42:09 INFO  [scheduling-1] p.fmihub.backend.Service.NewsService - No new articles to store for language 'de'
2025-05-24 15:42:09 INFO  [scheduling-1] p.fmihub.backend.Service.NewsService - RSS news fetch task completed.
2025-05-24 15:42:14 INFO  [SpringApplicationShutdownHook] o.s.b.w.e.tomcat.GracefulShutdown - Commencing graceful shutdown. Waiting for active requests to complete
2025-05-24 15:42:14 INFO  [tomcat-shutdown] o.s.b.w.e.tomcat.GracefulShutdown - Graceful shutdown complete
2025-05-24 15:42:14 INFO  [SpringApplicationShutdownHook] o.s.o.j.LocalContainerEntityManagerFactoryBean - Closing JPA EntityManagerFactory for persistence unit 'default'
2025-05-24 15:42:14 INFO  [SpringApplicationShutdownHook] com.zaxxer.hikari.HikariDataSource - HikariPool-1 - Shutdown initiated...
2025-05-24 15:42:14 INFO  [SpringApplicationShutdownHook] com.zaxxer.hikari.HikariDataSource - HikariPool-1 - Shutdown completed.
